[22-Nov-2017 14:50:07 UTC] PHP Parse error:  syntax error, unexpected '<' in /home/ubuntu/workspace/ci/application/views/home.php on line 32
[22-Nov-2017 14:50:07 UTC] PHP Stack trace:
[22-Nov-2017 14:50:07 UTC] PHP   1. {main}() /home/ubuntu/workspace/ci/index.php:0
[22-Nov-2017 14:50:07 UTC] PHP   2. require_once() /home/ubuntu/workspace/ci/index.php:315
[22-Nov-2017 14:50:07 UTC] PHP   3. call_user_func_array:{/home/ubuntu/workspace/ci/system/core/CodeIgniter.php:532}() /home/ubuntu/workspace/ci/system/core/CodeIgniter.php:532
[22-Nov-2017 14:50:07 UTC] PHP   4. Home->index() /home/ubuntu/workspace/ci/system/core/CodeIgniter.php:532
[22-Nov-2017 14:50:07 UTC] PHP   5. CI_Loader->view() /home/ubuntu/workspace/ci/application/controllers/Home.php:23
[22-Nov-2017 14:50:07 UTC] PHP   6. CI_Loader->_ci_load() /home/ubuntu/workspace/ci/system/core/Loader.php:489
[28-Nov-2017 18:34:56 UTC] PHP Fatal error:  Call to undefined function redirect() in /home/ubuntu/workspace/ci/application/controllers/Usuario.php on line 36
[28-Nov-2017 18:34:56 UTC] PHP Stack trace:
[28-Nov-2017 18:34:56 UTC] PHP   1. {main}() /home/ubuntu/workspace/ci/index.php:0
[28-Nov-2017 18:34:56 UTC] PHP   2. require_once() /home/ubuntu/workspace/ci/index.php:315
[28-Nov-2017 18:34:56 UTC] PHP   3. call_user_func_array:{/home/ubuntu/workspace/ci/system/core/CodeIgniter.php:532}() /home/ubuntu/workspace/ci/system/core/CodeIgniter.php:532
[28-Nov-2017 18:34:56 UTC] PHP   4. Usuario->cadastro() /home/ubuntu/workspace/ci/system/core/CodeIgniter.php:532
[28-Nov-2017 19:06:02 UTC] PHP Fatal error:  Call to undefined function redirect() in /home/ubuntu/workspace/ci/application/controllers/Usuario.php on line 36
[28-Nov-2017 19:06:02 UTC] PHP Stack trace:
[28-Nov-2017 19:06:02 UTC] PHP   1. {main}() /home/ubuntu/workspace/ci/index.php:0
[28-Nov-2017 19:06:02 UTC] PHP   2. require_once() /home/ubuntu/workspace/ci/index.php:315
[28-Nov-2017 19:06:02 UTC] PHP   3. call_user_func_array:{/home/ubuntu/workspace/ci/system/core/CodeIgniter.php:532}() /home/ubuntu/workspace/ci/system/core/CodeIgniter.php:532
[28-Nov-2017 19:06:02 UTC] PHP   4. Usuario->cadastro() /home/ubuntu/workspace/ci/system/core/CodeIgniter.php:532
[28-Nov-2017 19:07:17 UTC] PHP Fatal error:  Call to undefined function redirect() in /home/ubuntu/workspace/ci/application/controllers/Usuario.php on line 36
[28-Nov-2017 19:07:17 UTC] PHP Stack trace:
[28-Nov-2017 19:07:17 UTC] PHP   1. {main}() /home/ubuntu/workspace/ci/index.php:0
[28-Nov-2017 19:07:17 UTC] PHP   2. require_once() /home/ubuntu/workspace/ci/index.php:315
[28-Nov-2017 19:07:17 UTC] PHP   3. call_user_func_array:{/home/ubuntu/workspace/ci/system/core/CodeIgniter.php:532}() /home/ubuntu/workspace/ci/system/core/CodeIgniter.php:532
[28-Nov-2017 19:07:17 UTC] PHP   4. Usuario->cadastro() /home/ubuntu/workspace/ci/system/core/CodeIgniter.php:532
[28-Nov-2017 19:09:07 UTC] PHP Fatal error:  Call to undefined function redirect() in /home/ubuntu/workspace/ci/application/controllers/Usuario.php on line 36
[28-Nov-2017 19:09:07 UTC] PHP Stack trace:
[28-Nov-2017 19:09:07 UTC] PHP   1. {main}() /home/ubuntu/workspace/ci/index.php:0
[28-Nov-2017 19:09:07 UTC] PHP   2. require_once() /home/ubuntu/workspace/ci/index.php:315
[28-Nov-2017 19:09:07 UTC] PHP   3. call_user_func_array:{/home/ubuntu/workspace/ci/system/core/CodeIgniter.php:532}() /home/ubuntu/workspace/ci/system/core/CodeIgniter.php:532
[28-Nov-2017 19:09:07 UTC] PHP   4. Usuario->cadastro() /home/ubuntu/workspace/ci/system/core/CodeIgniter.php:532
[28-Nov-2017 19:15:46 UTC] PHP Fatal error:  Call to undefined function redirect() in /home/ubuntu/workspace/ci/application/controllers/Usuario.php on line 36
[28-Nov-2017 19:15:46 UTC] PHP Stack trace:
[28-Nov-2017 19:15:46 UTC] PHP   1. {main}() /home/ubuntu/workspace/ci/index.php:0
[28-Nov-2017 19:15:46 UTC] PHP   2. require_once() /home/ubuntu/workspace/ci/index.php:315
[28-Nov-2017 19:15:46 UTC] PHP   3. call_user_func_array:{/home/ubuntu/workspace/ci/system/core/CodeIgniter.php:532}() /home/ubuntu/workspace/ci/system/core/CodeIgniter.php:532
[28-Nov-2017 19:15:46 UTC] PHP   4. Usuario->cadastro() /home/ubuntu/workspace/ci/system/core/CodeIgniter.php:532
[28-Nov-2017 19:21:15 UTC] PHP Parse error:  syntax error, unexpected ';' in /home/ubuntu/workspace/ci/application/config/routes.php on line 55
[28-Nov-2017 19:21:15 UTC] PHP Stack trace:
[28-Nov-2017 19:21:15 UTC] PHP   1. {main}() /home/ubuntu/workspace/ci/index.php:0
[28-Nov-2017 19:21:15 UTC] PHP   2. require_once() /home/ubuntu/workspace/ci/index.php:315
[28-Nov-2017 19:21:15 UTC] PHP   3. load_class() /home/ubuntu/workspace/ci/system/core/CodeIgniter.php:311
[28-Nov-2017 19:21:15 UTC] PHP   4. CI_Router->__construct() /home/ubuntu/workspace/ci/system/core/Common.php:196
[28-Nov-2017 19:21:15 UTC] PHP   5. CI_Router->_set_routing() /home/ubuntu/workspace/ci/system/core/Router.php:133
[28-Nov-2017 19:21:52 UTC] PHP Fatal error:  Call to undefined function redirect() in /home/ubuntu/workspace/ci/application/controllers/Usuario.php on line 36
[28-Nov-2017 19:21:52 UTC] PHP Stack trace:
[28-Nov-2017 19:21:52 UTC] PHP   1. {main}() /home/ubuntu/workspace/ci/index.php:0
[28-Nov-2017 19:21:52 UTC] PHP   2. require_once() /home/ubuntu/workspace/ci/index.php:315
[28-Nov-2017 19:21:52 UTC] PHP   3. call_user_func_array:{/home/ubuntu/workspace/ci/system/core/CodeIgniter.php:532}() /home/ubuntu/workspace/ci/system/core/CodeIgniter.php:532
[28-Nov-2017 19:21:52 UTC] PHP   4. Usuario->cadastro() /home/ubuntu/workspace/ci/system/core/CodeIgniter.php:532
[28-Nov-2017 19:23:29 UTC] PHP Fatal error:  Call to undefined function redirect() in /home/ubuntu/workspace/ci/application/controllers/Usuario.php on line 36
[28-Nov-2017 19:23:29 UTC] PHP Stack trace:
[28-Nov-2017 19:23:29 UTC] PHP   1. {main}() /home/ubuntu/workspace/ci/index.php:0
[28-Nov-2017 19:23:29 UTC] PHP   2. require_once() /home/ubuntu/workspace/ci/index.php:315
[28-Nov-2017 19:23:29 UTC] PHP   3. call_user_func_array:{/home/ubuntu/workspace/ci/system/core/CodeIgniter.php:532}() /home/ubuntu/workspace/ci/system/core/CodeIgniter.php:532
[28-Nov-2017 19:23:29 UTC] PHP   4. Usuario->cadastro() /home/ubuntu/workspace/ci/system/core/CodeIgniter.php:532
[28-Nov-2017 19:24:30 UTC] PHP Fatal error:  Call to undefined function redirect() in /home/ubuntu/workspace/ci/application/controllers/Usuario.php on line 36
[28-Nov-2017 19:24:30 UTC] PHP Stack trace:
[28-Nov-2017 19:24:30 UTC] PHP   1. {main}() /home/ubuntu/workspace/ci/index.php:0
[28-Nov-2017 19:24:30 UTC] PHP   2. require_once() /home/ubuntu/workspace/ci/index.php:315
[28-Nov-2017 19:24:30 UTC] PHP   3. call_user_func_array:{/home/ubuntu/workspace/ci/system/core/CodeIgniter.php:532}() /home/ubuntu/workspace/ci/system/core/CodeIgniter.php:532
[28-Nov-2017 19:24:30 UTC] PHP   4. Usuario->cadastro() /home/ubuntu/workspace/ci/system/core/CodeIgniter.php:532
[28-Nov-2017 19:25:05 UTC] PHP Fatal error:  Call to undefined function redirect() in /home/ubuntu/workspace/ci/application/controllers/Usuario.php on line 36
[28-Nov-2017 19:25:05 UTC] PHP Stack trace:
[28-Nov-2017 19:25:05 UTC] PHP   1. {main}() /home/ubuntu/workspace/ci/index.php:0
[28-Nov-2017 19:25:05 UTC] PHP   2. require_once() /home/ubuntu/workspace/ci/index.php:315
[28-Nov-2017 19:25:05 UTC] PHP   3. call_user_func_array:{/home/ubuntu/workspace/ci/system/core/CodeIgniter.php:532}() /home/ubuntu/workspace/ci/system/core/CodeIgniter.php:532
[28-Nov-2017 19:25:05 UTC] PHP   4. Usuario->cadastro() /home/ubuntu/workspace/ci/system/core/CodeIgniter.php:532
[28-Nov-2017 19:27:06 UTC] PHP Fatal error:  Call to undefined function redirect() in /home/ubuntu/workspace/ci/application/controllers/Usuario.php on line 36
[28-Nov-2017 19:27:06 UTC] PHP Stack trace:
[28-Nov-2017 19:27:06 UTC] PHP   1. {main}() /home/ubuntu/workspace/ci/index.php:0
[28-Nov-2017 19:27:06 UTC] PHP   2. require_once() /home/ubuntu/workspace/ci/index.php:315
[28-Nov-2017 19:27:06 UTC] PHP   3. call_user_func_array:{/home/ubuntu/workspace/ci/system/core/CodeIgniter.php:532}() /home/ubuntu/workspace/ci/system/core/CodeIgniter.php:532
[28-Nov-2017 19:27:06 UTC] PHP   4. Usuario->cadastro() /home/ubuntu/workspace/ci/system/core/CodeIgniter.php:532
[28-Nov-2017 19:28:11 UTC] PHP Fatal error:  Call to undefined function redirect() in /home/ubuntu/workspace/ci/application/controllers/Usuario.php on line 36
[28-Nov-2017 19:28:11 UTC] PHP Stack trace:
[28-Nov-2017 19:28:11 UTC] PHP   1. {main}() /home/ubuntu/workspace/ci/index.php:0
[28-Nov-2017 19:28:11 UTC] PHP   2. require_once() /home/ubuntu/workspace/ci/index.php:315
[28-Nov-2017 19:28:11 UTC] PHP   3. call_user_func_array:{/home/ubuntu/workspace/ci/system/core/CodeIgniter.php:532}() /home/ubuntu/workspace/ci/system/core/CodeIgniter.php:532
[28-Nov-2017 19:28:11 UTC] PHP   4. Usuario->cadastro() /home/ubuntu/workspace/ci/system/core/CodeIgniter.php:532
[28-Nov-2017 19:29:54 UTC] PHP Fatal error:  Call to undefined function redirect() in /home/ubuntu/workspace/ci/application/controllers/Usuario.php on line 36
[28-Nov-2017 19:29:54 UTC] PHP Stack trace:
[28-Nov-2017 19:29:54 UTC] PHP   1. {main}() /home/ubuntu/workspace/ci/index.php:0
[28-Nov-2017 19:29:54 UTC] PHP   2. require_once() /home/ubuntu/workspace/ci/index.php:315
[28-Nov-2017 19:29:54 UTC] PHP   3. call_user_func_array:{/home/ubuntu/workspace/ci/system/core/CodeIgniter.php:532}() /home/ubuntu/workspace/ci/system/core/CodeIgniter.php:532
[28-Nov-2017 19:29:54 UTC] PHP   4. Usuario->cadastro() /home/ubuntu/workspace/ci/system/core/CodeIgniter.php:532
[28-Nov-2017 19:35:25 UTC] PHP Fatal error:  Call to undefined function redirect() in /home/ubuntu/workspace/ci/application/controllers/Usuario.php on line 36
[28-Nov-2017 19:35:25 UTC] PHP Stack trace:
[28-Nov-2017 19:35:25 UTC] PHP   1. {main}() /home/ubuntu/workspace/ci/index.php:0
[28-Nov-2017 19:35:25 UTC] PHP   2. require_once() /home/ubuntu/workspace/ci/index.php:315
[28-Nov-2017 19:35:25 UTC] PHP   3. call_user_func_array:{/home/ubuntu/workspace/ci/system/core/CodeIgniter.php:532}() /home/ubuntu/workspace/ci/system/core/CodeIgniter.php:532
[28-Nov-2017 19:35:25 UTC] PHP   4. Usuario->cadastro() /home/ubuntu/workspace/ci/system/core/CodeIgniter.php:532
[28-Nov-2017 19:40:45 UTC] PHP Fatal error:  Call to undefined function redirect() in /home/ubuntu/workspace/ci/application/controllers/Usuario.php on line 36
[28-Nov-2017 19:40:45 UTC] PHP Stack trace:
[28-Nov-2017 19:40:45 UTC] PHP   1. {main}() /home/ubuntu/workspace/ci/index.php:0
[28-Nov-2017 19:40:45 UTC] PHP   2. require_once() /home/ubuntu/workspace/ci/index.php:315
[28-Nov-2017 19:40:45 UTC] PHP   3. call_user_func_array:{/home/ubuntu/workspace/ci/system/core/CodeIgniter.php:532}() /home/ubuntu/workspace/ci/system/core/CodeIgniter.php:532
[28-Nov-2017 19:40:45 UTC] PHP   4. Usuario->cadastro() /home/ubuntu/workspace/ci/system/core/CodeIgniter.php:532
[28-Nov-2017 19:48:29 UTC] PHP Fatal error:  Call to undefined function redirect() in /home/ubuntu/workspace/ci/application/controllers/Usuario.php on line 36
[28-Nov-2017 19:48:29 UTC] PHP Stack trace:
[28-Nov-2017 19:48:29 UTC] PHP   1. {main}() /home/ubuntu/workspace/ci/index.php:0
[28-Nov-2017 19:48:29 UTC] PHP   2. require_once() /home/ubuntu/workspace/ci/index.php:315
[28-Nov-2017 19:48:29 UTC] PHP   3. call_user_func_array:{/home/ubuntu/workspace/ci/system/core/CodeIgniter.php:532}() /home/ubuntu/workspace/ci/system/core/CodeIgniter.php:532
[28-Nov-2017 19:48:29 UTC] PHP   4. Usuario->cadastro() /home/ubuntu/workspace/ci/system/core/CodeIgniter.php:532
[28-Nov-2017 19:48:55 UTC] PHP Fatal error:  Call to undefined function redirect() in /home/ubuntu/workspace/ci/application/controllers/Usuario.php on line 36
[28-Nov-2017 19:48:55 UTC] PHP Stack trace:
[28-Nov-2017 19:48:55 UTC] PHP   1. {main}() /home/ubuntu/workspace/ci/index.php:0
[28-Nov-2017 19:48:55 UTC] PHP   2. require_once() /home/ubuntu/workspace/ci/index.php:315
[28-Nov-2017 19:48:55 UTC] PHP   3. call_user_func_array:{/home/ubuntu/workspace/ci/system/core/CodeIgniter.php:532}() /home/ubuntu/workspace/ci/system/core/CodeIgniter.php:532
[28-Nov-2017 19:48:55 UTC] PHP   4. Usuario->cadastro() /home/ubuntu/workspace/ci/system/core/CodeIgniter.php:532
[28-Nov-2017 19:54:42 UTC] PHP Parse error:  syntax error, unexpected '}' in /home/ubuntu/workspace/ci/application/controllers/Usuario.php on line 38
[28-Nov-2017 19:54:42 UTC] PHP Stack trace:
[28-Nov-2017 19:54:42 UTC] PHP   1. {main}() /home/ubuntu/workspace/ci/index.php:0
[28-Nov-2017 19:54:42 UTC] PHP   2. require_once() /home/ubuntu/workspace/ci/index.php:315
[28-Nov-2017 19:55:16 UTC] PHP Fatal error:  Call to undefined function redirect() in /home/ubuntu/workspace/ci/application/controllers/Usuario.php on line 36
[28-Nov-2017 19:55:16 UTC] PHP Stack trace:
[28-Nov-2017 19:55:16 UTC] PHP   1. {main}() /home/ubuntu/workspace/ci/index.php:0
[28-Nov-2017 19:55:16 UTC] PHP   2. require_once() /home/ubuntu/workspace/ci/index.php:315
[28-Nov-2017 19:55:16 UTC] PHP   3. call_user_func_array:{/home/ubuntu/workspace/ci/system/core/CodeIgniter.php:532}() /home/ubuntu/workspace/ci/system/core/CodeIgniter.php:532
[28-Nov-2017 19:55:16 UTC] PHP   4. Usuario->cadastro() /home/ubuntu/workspace/ci/system/core/CodeIgniter.php:532
[28-Nov-2017 19:55:53 UTC] PHP Fatal error:  Call to undefined function redirect() in /home/ubuntu/workspace/ci/application/controllers/Usuario.php on line 36
[28-Nov-2017 19:55:53 UTC] PHP Stack trace:
[28-Nov-2017 19:55:53 UTC] PHP   1. {main}() /home/ubuntu/workspace/ci/index.php:0
[28-Nov-2017 19:55:53 UTC] PHP   2. require_once() /home/ubuntu/workspace/ci/index.php:315
[28-Nov-2017 19:55:53 UTC] PHP   3. call_user_func_array:{/home/ubuntu/workspace/ci/system/core/CodeIgniter.php:532}() /home/ubuntu/workspace/ci/system/core/CodeIgniter.php:532
[28-Nov-2017 19:55:53 UTC] PHP   4. Usuario->cadastro() /home/ubuntu/workspace/ci/system/core/CodeIgniter.php:532
[28-Nov-2017 20:00:04 UTC] PHP Fatal error:  Call to undefined function redirect() in /home/ubuntu/workspace/ci/application/controllers/Usuario.php on line 36
[28-Nov-2017 20:00:04 UTC] PHP Stack trace:
[28-Nov-2017 20:00:04 UTC] PHP   1. {main}() /home/ubuntu/workspace/ci/index.php:0
[28-Nov-2017 20:00:04 UTC] PHP   2. require_once() /home/ubuntu/workspace/ci/index.php:315
[28-Nov-2017 20:00:04 UTC] PHP   3. call_user_func_array:{/home/ubuntu/workspace/ci/system/core/CodeIgniter.php:532}() /home/ubuntu/workspace/ci/system/core/CodeIgniter.php:532
[28-Nov-2017 20:00:04 UTC] PHP   4. Usuario->cadastro() /home/ubuntu/workspace/ci/system/core/CodeIgniter.php:532
[28-Nov-2017 20:08:37 UTC] PHP Fatal error:  Call to undefined function redirect() in /home/ubuntu/workspace/ci/application/controllers/Usuario.php on line 28
[28-Nov-2017 20:08:37 UTC] PHP Stack trace:
[28-Nov-2017 20:08:37 UTC] PHP   1. {main}() /home/ubuntu/workspace/ci/index.php:0
[28-Nov-2017 20:08:37 UTC] PHP   2. require_once() /home/ubuntu/workspace/ci/index.php:315
[28-Nov-2017 20:08:37 UTC] PHP   3. call_user_func_array:{/home/ubuntu/workspace/ci/system/core/CodeIgniter.php:532}() /home/ubuntu/workspace/ci/system/core/CodeIgniter.php:532
[28-Nov-2017 20:08:37 UTC] PHP   4. Usuario->cadastro() /home/ubuntu/workspace/ci/system/core/CodeIgniter.php:532
[28-Nov-2017 20:10:31 UTC] PHP Fatal error:  Call to undefined function redirect() in /home/ubuntu/workspace/ci/application/controllers/Usuario.php on line 27
[28-Nov-2017 20:10:31 UTC] PHP Stack trace:
[28-Nov-2017 20:10:31 UTC] PHP   1. {main}() /home/ubuntu/workspace/ci/index.php:0
[28-Nov-2017 20:10:31 UTC] PHP   2. require_once() /home/ubuntu/workspace/ci/index.php:315
[28-Nov-2017 20:10:31 UTC] PHP   3. call_user_func_array:{/home/ubuntu/workspace/ci/system/core/CodeIgniter.php:532}() /home/ubuntu/workspace/ci/system/core/CodeIgniter.php:532
[28-Nov-2017 20:10:31 UTC] PHP   4. Usuario->cadastro() /home/ubuntu/workspace/ci/system/core/CodeIgniter.php:532
[28-Nov-2017 20:10:52 UTC] PHP Fatal error:  Call to undefined function redirect() in /home/ubuntu/workspace/ci/application/controllers/Usuario.php on line 27
[28-Nov-2017 20:10:52 UTC] PHP Stack trace:
[28-Nov-2017 20:10:52 UTC] PHP   1. {main}() /home/ubuntu/workspace/ci/index.php:0
[28-Nov-2017 20:10:52 UTC] PHP   2. require_once() /home/ubuntu/workspace/ci/index.php:315
[28-Nov-2017 20:10:52 UTC] PHP   3. call_user_func_array:{/home/ubuntu/workspace/ci/system/core/CodeIgniter.php:532}() /home/ubuntu/workspace/ci/system/core/CodeIgniter.php:532
[28-Nov-2017 20:10:52 UTC] PHP   4. Usuario->cadastro() /home/ubuntu/workspace/ci/system/core/CodeIgniter.php:532
[28-Nov-2017 20:15:14 UTC] PHP Fatal error:  Call to undefined function redirect() in /home/ubuntu/workspace/ci/application/controllers/Usuario.php on line 27
[28-Nov-2017 20:15:14 UTC] PHP Stack trace:
[28-Nov-2017 20:15:14 UTC] PHP   1. {main}() /home/ubuntu/workspace/ci/index.php:0
[28-Nov-2017 20:15:14 UTC] PHP   2. require_once() /home/ubuntu/workspace/ci/index.php:315
[28-Nov-2017 20:15:14 UTC] PHP   3. call_user_func_array:{/home/ubuntu/workspace/ci/system/core/CodeIgniter.php:532}() /home/ubuntu/workspace/ci/system/core/CodeIgniter.php:532
[28-Nov-2017 20:15:14 UTC] PHP   4. Usuario->cadastro() /home/ubuntu/workspace/ci/system/core/CodeIgniter.php:532
[28-Nov-2017 20:16:47 UTC] PHP Fatal error:  Call to undefined function redirect() in /home/ubuntu/workspace/ci/application/controllers/Usuario.php on line 27
[28-Nov-2017 20:16:47 UTC] PHP Stack trace:
[28-Nov-2017 20:16:47 UTC] PHP   1. {main}() /home/ubuntu/workspace/ci/index.php:0
[28-Nov-2017 20:16:47 UTC] PHP   2. require_once() /home/ubuntu/workspace/ci/index.php:315
[28-Nov-2017 20:16:47 UTC] PHP   3. call_user_func_array:{/home/ubuntu/workspace/ci/system/core/CodeIgniter.php:532}() /home/ubuntu/workspace/ci/system/core/CodeIgniter.php:532
[28-Nov-2017 20:16:47 UTC] PHP   4. Usuario->cadastro() /home/ubuntu/workspace/ci/system/core/CodeIgniter.php:532
[28-Nov-2017 20:18:32 UTC] PHP Fatal error:  Call to undefined function redirect() in /home/ubuntu/workspace/ci/application/controllers/Usuario.php on line 31
[28-Nov-2017 20:18:32 UTC] PHP Stack trace:
[28-Nov-2017 20:18:32 UTC] PHP   1. {main}() /home/ubuntu/workspace/ci/index.php:0
[28-Nov-2017 20:18:32 UTC] PHP   2. require_once() /home/ubuntu/workspace/ci/index.php:315
[28-Nov-2017 20:18:32 UTC] PHP   3. call_user_func_array:{/home/ubuntu/workspace/ci/system/core/CodeIgniter.php:532}() /home/ubuntu/workspace/ci/system/core/CodeIgniter.php:532
[28-Nov-2017 20:18:32 UTC] PHP   4. Usuario->cadastro() /home/ubuntu/workspace/ci/system/core/CodeIgniter.php:532
[02-Dec-2017 20:52:54 UTC] PHP Fatal error:  Call to undefined function redirect() in /home/ubuntu/workspace/ci/application/controllers/Usuario.php on line 28
[02-Dec-2017 20:52:54 UTC] PHP Stack trace:
[02-Dec-2017 20:52:54 UTC] PHP   1. {main}() /home/ubuntu/workspace/ci/index.php:0
[02-Dec-2017 20:52:54 UTC] PHP   2. require_once() /home/ubuntu/workspace/ci/index.php:315
[02-Dec-2017 20:52:54 UTC] PHP   3. call_user_func_array:{/home/ubuntu/workspace/ci/system/core/CodeIgniter.php:532}() /home/ubuntu/workspace/ci/system/core/CodeIgniter.php:532
[02-Dec-2017 20:52:54 UTC] PHP   4. Usuario->cadastro() /home/ubuntu/workspace/ci/system/core/CodeIgniter.php:532
[02-Dec-2017 21:30:54 UTC] PHP Fatal error:  Call to undefined function redirect() in /home/ubuntu/workspace/ci/application/controllers/Usuario.php on line 28
[02-Dec-2017 21:30:54 UTC] PHP Stack trace:
[02-Dec-2017 21:30:54 UTC] PHP   1. {main}() /home/ubuntu/workspace/ci/index.php:0
[02-Dec-2017 21:30:54 UTC] PHP   2. require_once() /home/ubuntu/workspace/ci/index.php:315
[02-Dec-2017 21:30:54 UTC] PHP   3. call_user_func_array:{/home/ubuntu/workspace/ci/system/core/CodeIgniter.php:532}() /home/ubuntu/workspace/ci/system/core/CodeIgniter.php:532
[02-Dec-2017 21:30:54 UTC] PHP   4. Usuario->cadastro() /home/ubuntu/workspace/ci/system/core/CodeIgniter.php:532
[02-Dec-2017 21:35:55 UTC] PHP Fatal error:  Call to undefined function redirect() in /home/ubuntu/workspace/ci/application/controllers/Usuario.php on line 32
[02-Dec-2017 21:35:55 UTC] PHP Stack trace:
[02-Dec-2017 21:35:55 UTC] PHP   1. {main}() /home/ubuntu/workspace/ci/index.php:0
[02-Dec-2017 21:35:55 UTC] PHP   2. require_once() /home/ubuntu/workspace/ci/index.php:315
[02-Dec-2017 21:35:55 UTC] PHP   3. call_user_func_array:{/home/ubuntu/workspace/ci/system/core/CodeIgniter.php:532}() /home/ubuntu/workspace/ci/system/core/CodeIgniter.php:532
[02-Dec-2017 21:35:55 UTC] PHP   4. Usuario->cadastro() /home/ubuntu/workspace/ci/system/core/CodeIgniter.php:532
<<<<<<< HEAD
[03-Dec-2017 16:08:42 UTC] PHP Fatal error:  Call to undefined function redirect() in /home/ubuntu/workspace/ci/application/controllers/Usuario.php on line 28
[03-Dec-2017 16:08:42 UTC] PHP Stack trace:
[03-Dec-2017 16:08:42 UTC] PHP   1. {main}() /home/ubuntu/workspace/ci/index.php:0
[03-Dec-2017 16:08:42 UTC] PHP   2. require_once() /home/ubuntu/workspace/ci/index.php:315
[03-Dec-2017 16:08:42 UTC] PHP   3. call_user_func_array:{/home/ubuntu/workspace/ci/system/core/CodeIgniter.php:532}() /home/ubuntu/workspace/ci/system/core/CodeIgniter.php:532
[03-Dec-2017 16:08:42 UTC] PHP   4. Usuario->cadastro() /home/ubuntu/workspace/ci/system/core/CodeIgniter.php:532
[03-Dec-2017 16:14:50 UTC] PHP Fatal error:  Call to undefined function redirect() in /home/ubuntu/workspace/ci/application/controllers/Usuario.php on line 28
[03-Dec-2017 16:14:50 UTC] PHP Stack trace:
[03-Dec-2017 16:14:50 UTC] PHP   1. {main}() /home/ubuntu/workspace/ci/index.php:0
[03-Dec-2017 16:14:50 UTC] PHP   2. require_once() /home/ubuntu/workspace/ci/index.php:315
[03-Dec-2017 16:14:50 UTC] PHP   3. call_user_func_array:{/home/ubuntu/workspace/ci/system/core/CodeIgniter.php:532}() /home/ubuntu/workspace/ci/system/core/CodeIgniter.php:532
[03-Dec-2017 16:14:50 UTC] PHP   4. Usuario->cadastro() /home/ubuntu/workspace/ci/system/core/CodeIgniter.php:532
[03-Dec-2017 16:16:54 UTC] PHP Fatal error:  Call to undefined function redirect() in /home/ubuntu/workspace/ci/application/controllers/Usuario.php on line 28
[03-Dec-2017 16:16:54 UTC] PHP Stack trace:
[03-Dec-2017 16:16:54 UTC] PHP   1. {main}() /home/ubuntu/workspace/ci/index.php:0
[03-Dec-2017 16:16:54 UTC] PHP   2. require_once() /home/ubuntu/workspace/ci/index.php:315
[03-Dec-2017 16:16:54 UTC] PHP   3. call_user_func_array:{/home/ubuntu/workspace/ci/system/core/CodeIgniter.php:532}() /home/ubuntu/workspace/ci/system/core/CodeIgniter.php:532
[03-Dec-2017 16:16:54 UTC] PHP   4. Usuario->cadastro() /home/ubuntu/workspace/ci/system/core/CodeIgniter.php:532
[03-Dec-2017 18:35:40 UTC] PHP Parse error:  syntax error, unexpected '}' in /home/ubuntu/workspace/ci/application/controllers/Home.php on line 12
[03-Dec-2017 18:35:40 UTC] PHP Stack trace:
[03-Dec-2017 18:35:40 UTC] PHP   1. {main}() /home/ubuntu/workspace/ci/index.php:0
[03-Dec-2017 18:35:40 UTC] PHP   2. require_once() /home/ubuntu/workspace/ci/index.php:315
=======
>>>>>>> 44d0a2157afb3ade268e57baaaea7bc27c2e1d9b
